<?xml version="1.0" encoding="UTF-8"?>
<!-- Generated by org.testng.reporters.JUnitReportReporter -->
<testsuite hostname="DESKTOP-JE5EOFQ" failures="0" tests="3" name="TestNG.TestPriority" time="0.026" errors="0" timestamp="2023-04-29T19:08:57 IST" skipped="1">
  <testcase classname="TestNG.TestPriority" name="hen" time="0.024"/>
  <system-out>
    <![CDATA[kachelo]]>
  </system-out>
  <testcase classname="TestNG.TestPriority" name="settings" time="0.002"/>
  <system-out>
    <![CDATA[Hello, true]]>
  </system-out>
  <testcase classname="TestNG.TestPriority" name="zem">
    <skipped/>
  </testcase> <!-- zem -->
  <system-out/>
</testsuite> <!-- TestNG.TestPriority -->
