<?xml version="1.0" encoding="UTF-8"?>
<!-- Generated by org.testng.reporters.JUnitReportReporter -->
<testsuite hostname="DESKTOP-JE5EOFQ" failures="0" tests="1" name="TestNG.Fbtc03" time="5.814" errors="0" timestamp="2023-04-30T12:10:23 IST" skipped="0">
  <testcase classname="TestNG.Fbtc03" name="tc3" time="5.814"/>
  <system-out>
    <![CDATA[Log in to Facebook
https://www.facebook.com/login/?next=https%3A%2F%2Fwww.facebook.com%2Fpages%2Fcreate%2F%3Fref_type%3Dregistration_form]]>
  </system-out>
</testsuite> <!-- TestNG.Fbtc03 -->
