<?xml version="1.0" encoding="UTF-8"?>
<!-- Generated by org.testng.reporters.JUnitReportReporter -->
<testsuite hostname="DESKTOP-JE5EOFQ" failures="0" tests="1" name="TestNG.FbTc02" time="5.169" errors="0" timestamp="2023-04-30T12:10:23 IST" skipped="0">
  <testcase classname="TestNG.FbTc02" name="tc2" time="5.169"/>
  <system-out>
    <![CDATA[Forgotten Password | Can't Log In | Facebook
https://www.facebook.com/login/identify/?ctx=recover&ars=facebook_login&from_login_screen=0]]>
  </system-out>
</testsuite> <!-- TestNG.FbTc02 -->
