<?xml version="1.0" encoding="UTF-8"?>
<!-- Generated by org.testng.reporters.JUnitReportReporter -->
<testsuite hostname="DESKTOP-JE5EOFQ" failures="0" tests="3" name="TestNG.ParallelExe" time="37.823" errors="0" timestamp="2023-04-30T15:24:53 IST" skipped="0">
  <testcase classname="TestNG.ParallelExe" name="demo" time="15.444"/>
  <system-out>
    <![CDATA[Log in to Facebook
https://www.facebook.com/login/?privacy_mutation_token=eyJ0eXBlIjowLCJjcmVhdGlvbl90aW1lIjoxNjgyODQ4NDg5LCJjYWxsc2l0ZV9pZCI6MzgxMjI5MDc5NTc1OTQ2fQ%3D%3D]]>
  </system-out>
  <testcase classname="TestNG.ParallelExe" name="demo" time="11.290"/>
  <system-out>
    <![CDATA[
https://www.facebook.com/login/?privacy_mutation_token=eyJ0eXBlIjowLCJjcmVhdGlvbl90aW1lIjoxNjgyODQ4NDgzLCJjYWxsc2l0ZV9pZCI6MzgxMjI5MDc5NTc1OTQ2fQ%3D%3D]]>
  </system-out>
  <testcase classname="TestNG.ParallelExe" name="demo" time="11.089"/>
  <system-out>
    <![CDATA[Log in to Facebook
https://www.facebook.com/login/?privacy_mutation_token=eyJ0eXBlIjowLCJjcmVhdGlvbl90aW1lIjoxNjgyODQ4NDgzLCJjYWxsc2l0ZV9pZCI6MzgxMjI5MDc5NTc1OTQ2fQ%3D%3D]]>
  </system-out>
</testsuite> <!-- TestNG.ParallelExe -->
