<?xml version="1.0" encoding="UTF-8"?>
<!-- Generated by org.testng.reporters.JUnitReportReporter -->
<testsuite hostname="DESKTOP-JE5EOFQ" failures="0" tests="1" name="TestNG.GenReport" time="0.055" errors="0" timestamp="2023-04-29T11:33:53 IST" skipped="0">
  <testcase classname="TestNG.GenReport" name="demo" time="0.055"/>
  <system-out>
    <![CDATA[Hello
Hello Selenium]]>
  </system-out>
</testsuite> <!-- TestNG.GenReport -->
